\BOOKMARK [1][-]{section.1}{\376\377\000I\000n\000t\000r\000o\000d\000u\000c\000t\000i\000o\000n}{}% 1
\BOOKMARK [1][-]{section.2}{\376\377\000M\000o\000t\000i\000v\000a\000t\000i\000o\000n}{}% 2
\BOOKMARK [1][-]{section.3}{\376\377\000R\000e\000l\000a\000t\000e\000d\000\040\000W\000o\000r\000k}{}% 3
\BOOKMARK [2][-]{subsection.3.1}{\376\377\000E\000m\000p\000i\000r\000i\000c\000a\000l\000\040\000C\000o\000s\000t\040\023\000A\000c\000c\000u\000r\000a\000c\000y\000\040\000C\000u\000r\000v\000e\000s}{section.3}% 4
\BOOKMARK [2][-]{subsection.3.2}{\376\377\000D\000a\000t\000a\000s\000e\000t\000\040\000V\000a\000l\000u\000a\000t\000i\000o\000n\000\040\000\046\000\040\000A\000c\000t\000i\000v\000e\000\040\000L\000e\000a\000r\000n\000i\000n\000g}{section.3}% 5
\BOOKMARK [2][-]{subsection.3.3}{\376\377\000C\000a\000r\000b\000o\000n\000-\000A\000w\000a\000r\000e\000\040\000M\000a\000c\000h\000i\000n\000e\000\040\000L\000e\000a\000r\000n\000i\000n\000g}{section.3}% 6
\BOOKMARK [2][-]{subsection.3.4}{\376\377\000B\000u\000d\000g\000e\000t\000\040\000\046\000\040\000H\000y\000p\000e\000r\000-\000P\000a\000r\000a\000m\000e\000t\000e\000r\000\040\000O\000p\000t\000i\000m\000i\000s\000a\000t\000i\000o\000n}{section.3}% 7
\BOOKMARK [1][-]{section.4}{\376\377\000M\000e\000t\000h\000o\000d\000o\000l\000o\000g\000y}{}% 8
\BOOKMARK [2][-]{subsection.4.1}{\376\377\000U\000t\000i\000l\000i\000t\000y\000-\000c\000u\000r\000v\000e\000\040\000f\000i\000t\000t\000i\000n\000g}{section.4}% 9
\BOOKMARK [2][-]{subsection.4.2}{\376\377\000O\000b\000j\000e\000c\000t\000i\000v\000e\000\040\000a\000n\000d\000\040\000c\000o\000n\000s\000t\000r\000a\000i\000n\000t\000s}{section.4}% 10
\BOOKMARK [2][-]{subsection.4.3}{\376\377\000S\000o\000l\000v\000e\000r}{section.4}% 11
\BOOKMARK [1][-]{section.5}{\376\377\000E\000x\000p\000e\000r\000i\000m\000e\000n\000t\000s}{}% 12
\BOOKMARK [2][-]{subsection.5.1}{\376\377\000E\0001\000\040\000C\000u\000r\000v\000e\000-\000f\000i\000t\000\040\000v\000a\000l\000i\000d\000a\000t\000i\000o\000n}{section.5}% 13
\BOOKMARK [2][-]{subsection.5.2}{\376\377\000E\0002\000\040\000S\000c\000e\000n\000a\000r\000i\000o\000\040\000A\000\040\040\024\000\040\000m\000a\000x\000i\000m\000i\000s\000e\000\040\000a\000c\000c\000u\000r\000a\000c\000y}{section.5}% 14
\BOOKMARK [2][-]{subsection.5.3}{\376\377\000E\0003\000\040\000S\000c\000e\000n\000a\000r\000i\000o\000\040\000B\000\040\040\024\000\040\000h\000i\000t\000\040\000a\000c\000c\000u\000r\000a\000c\000y\000\040\000t\000a\000r\000g\000e\000t}{section.5}% 15
\BOOKMARK [2][-]{subsection.5.4}{\376\377\000E\0004\000\040\000E\000f\000f\000i\000c\000i\000e\000n\000c\000y\000\040\000s\000e\000n\000s\000i\000t\000i\000v\000i\000t\000y}{section.5}% 16
\BOOKMARK [2][-]{subsection.5.5}{\376\377\000E\0005\000\040\000A\000b\000l\000a\000t\000i\000o\000n\000\040\040\024\000\040\000r\000e\000m\000o\000v\000e\000\040\000t\000i\000m\000e\000\040\000c\000a\000p}{section.5}% 17
\BOOKMARK [1][-]{section.6}{\376\377\000D\000i\000s\000c\000u\000s\000s\000i\000o\000n\000\040\000\046\000\040\000C\000o\000n\000c\000l\000u\000s\000i\000o\000n}{}% 18
\BOOKMARK [2][-]{subsection.6.1}{\376\377\000K\000e\000y\000\040\000F\000i\000n\000d\000i\000n\000g\000s}{section.6}% 19
\BOOKMARK [2][-]{subsection.6.2}{\376\377\000L\000i\000m\000i\000t\000a\000t\000i\000o\000n\000s}{section.6}% 20
\BOOKMARK [2][-]{subsection.6.3}{\376\377\000F\000u\000t\000u\000r\000e\000\040\000D\000i\000r\000e\000c\000t\000i\000o\000n\000s}{section.6}% 21
\BOOKMARK [2][-]{subsection.6.4}{\376\377\000T\000a\000k\000e\000-\000a\000w\000a\000y}{section.6}% 22
